[35m[1mScanning dependencies of target _ur_msgs_generate_messages_check_deps_SetPayload[0m
[  0%] Built target _ur_msgs_generate_messages_check_deps_SetPayload
[35m[1mScanning dependencies of target std_msgs_generate_messages_cpp[0m
[  0%] Built target std_msgs_generate_messages_cpp
[35m[1mScanning dependencies of target _ur_msgs_generate_messages_check_deps_SetIO[0m
[35m[1mScanning dependencies of target _ur_msgs_generate_messages_check_deps_Digital[0m
[  0%] Built target _ur_msgs_generate_messages_check_deps_SetIO
[35m[1mScanning dependencies of target _ur_msgs_generate_messages_check_deps_IOStates[0m
[  0%] Built target _ur_msgs_generate_messages_check_deps_Digital
[  0%] Built target _ur_msgs_generate_messages_check_deps_IOStates
[35m[1mScanning dependencies of target _ur_msgs_generate_messages_check_deps_MasterboardDataMsg[0m
[35m[1mScanning dependencies of target _ur_msgs_generate_messages_check_deps_RobotStateRTMsg[0m
[35m[1mScanning dependencies of target _ur_msgs_generate_messages_check_deps_ToolDataMsg[0m
[  0%] Built target _ur_msgs_generate_messages_check_deps_MasterboardDataMsg
[  0%] Built target _ur_msgs_generate_messages_check_deps_RobotStateRTMsg
[35m[1mScanning dependencies of target _ur_msgs_generate_messages_check_deps_Analog[0m
[  0%] Built target _ur_msgs_generate_messages_check_deps_ToolDataMsg
[  0%] Built target _ur_msgs_generate_messages_check_deps_Analog
[35m[1mScanning dependencies of target std_msgs_generate_messages_lisp[0m
[35m[1mScanning dependencies of target std_msgs_generate_messages_eus[0m
[35m[1mScanning dependencies of target std_msgs_generate_messages_py[0m
[  0%] Built target std_msgs_generate_messages_lisp
[  0%] Built target std_msgs_generate_messages_py
[  0%] Built target std_msgs_generate_messages_eus
[35m[1mScanning dependencies of target std_msgs_generate_messages_nodejs[0m
[  0%] Built target std_msgs_generate_messages_nodejs
[35m[1mScanning dependencies of target ur_msgs_generate_messages_cpp[0m
[  2%] [34m[1mGenerating C++ code from ur_msgs/RobotStateRTMsg.msg[0m
[  4%] [34m[1mGenerating C++ code from ur_msgs/ToolDataMsg.msg[0m
[  6%] [34m[1mGenerating C++ code from ur_msgs/Digital.msg[0m
[35m[1mScanning dependencies of target ur_msgs_generate_messages_lisp[0m
[  9%] [34m[1mGenerating Lisp code from ur_msgs/RobotStateRTMsg.msg[0m
[ 11%] [34m[1mGenerating Lisp code from ur_msgs/ToolDataMsg.msg[0m
[ 13%] [34m[1mGenerating C++ code from ur_msgs/IOStates.msg[0m
[ 16%] [34m[1mGenerating C++ code from ur_msgs/MasterboardDataMsg.msg[0m
[ 18%] [34m[1mGenerating C++ code from ur_msgs/Analog.msg[0m
[ 20%] [34m[1mGenerating C++ code from ur_msgs/SetIO.srv[0m
[ 23%] [34m[1mGenerating C++ code from ur_msgs/SetPayload.srv[0m
[ 25%] [34m[1mGenerating Lisp code from ur_msgs/Digital.msg[0m
[ 27%] [34m[1mGenerating Lisp code from ur_msgs/IOStates.msg[0m
[ 30%] [34m[1mGenerating Lisp code from ur_msgs/MasterboardDataMsg.msg[0m
[ 30%] Built target ur_msgs_generate_messages_cpp
[ 32%] [34m[1mGenerating Lisp code from ur_msgs/Analog.msg[0m
[ 34%] [34m[1mGenerating Lisp code from ur_msgs/SetIO.srv[0m
[35m[1mScanning dependencies of target ur_msgs_generate_messages_py[0m
[ 37%] [34m[1mGenerating Python from MSG ur_msgs/RobotStateRTMsg[0m
[ 39%] [34m[1mGenerating Lisp code from ur_msgs/SetPayload.srv[0m
[ 39%] Built target ur_msgs_generate_messages_lisp
[ 41%] [34m[1mGenerating Python from MSG ur_msgs/ToolDataMsg[0m
[ 44%] [34m[1mGenerating Python from MSG ur_msgs/Digital[0m
[ 46%] [34m[1mGenerating Python from MSG ur_msgs/IOStates[0m
[ 48%] [34m[1mGenerating Python from MSG ur_msgs/MasterboardDataMsg[0m
[ 51%] [34m[1mGenerating Python from MSG ur_msgs/Analog[0m
[ 53%] [34m[1mGenerating Python code from SRV ur_msgs/SetIO[0m
[ 55%] [34m[1mGenerating Python code from SRV ur_msgs/SetPayload[0m
[ 58%] [34m[1mGenerating Python msg __init__.py for ur_msgs[0m
[ 60%] [34m[1mGenerating Python srv __init__.py for ur_msgs[0m
[ 60%] Built target ur_msgs_generate_messages_py
[35m[1mScanning dependencies of target ur_msgs_generate_messages_eus[0m
[ 62%] [34m[1mGenerating EusLisp code from ur_msgs/RobotStateRTMsg.msg[0m
[ 65%] [34m[1mGenerating EusLisp code from ur_msgs/ToolDataMsg.msg[0m
[ 67%] [34m[1mGenerating EusLisp code from ur_msgs/Digital.msg[0m
[ 69%] [34m[1mGenerating EusLisp code from ur_msgs/IOStates.msg[0m
[ 72%] [34m[1mGenerating EusLisp code from ur_msgs/MasterboardDataMsg.msg[0m
[ 74%] [34m[1mGenerating EusLisp code from ur_msgs/Analog.msg[0m
[ 76%] [34m[1mGenerating EusLisp code from ur_msgs/SetIO.srv[0m
[ 79%] [34m[1mGenerating EusLisp code from ur_msgs/SetPayload.srv[0m
[ 81%] [34m[1mGenerating EusLisp manifest code for ur_msgs[0m
[ 81%] Built target ur_msgs_generate_messages_eus
[35m[1mScanning dependencies of target ur_msgs_generate_messages_nodejs[0m
[ 83%] [34m[1mGenerating Javascript code from ur_msgs/RobotStateRTMsg.msg[0m
[ 86%] [34m[1mGenerating Javascript code from ur_msgs/ToolDataMsg.msg[0m
[ 88%] [34m[1mGenerating Javascript code from ur_msgs/Digital.msg[0m
[ 90%] [34m[1mGenerating Javascript code from ur_msgs/IOStates.msg[0m
[ 93%] [34m[1mGenerating Javascript code from ur_msgs/MasterboardDataMsg.msg[0m
[ 95%] [34m[1mGenerating Javascript code from ur_msgs/Analog.msg[0m
[ 97%] [34m[1mGenerating Javascript code from ur_msgs/SetIO.srv[0m
[100%] [34m[1mGenerating Javascript code from ur_msgs/SetPayload.srv[0m
[100%] Built target ur_msgs_generate_messages_nodejs
[35m[1mScanning dependencies of target ur_msgs_generate_messages[0m
[100%] Built target ur_msgs_generate_messages
