Determining if the pthread_create exist failed with the following output:
Change Dir: /home/aadityacr7/gsoc_2018/build/ur_description/CMakeFiles/CMakeTmp

Run Build Command:"/usr/bin/make" "cmTC_30a82/fast"
/usr/bin/make -f CMakeFiles/cmTC_30a82.dir/build.make CMakeFiles/cmTC_30a82.dir/build
make[1]: Entering directory '/home/aadityacr7/gsoc_2018/build/ur_description/CMakeFiles/CMakeTmp'
Building C object CMakeFiles/cmTC_30a82.dir/CheckSymbolExists.c.o
/usr/bin/cc     -o CMakeFiles/cmTC_30a82.dir/CheckSymbolExists.c.o   -c /home/aadityacr7/gsoc_2018/build/ur_description/CMakeFiles/CMakeTmp/CheckSymbolExists.c
Linking C executable cmTC_30a82
/usr/bin/cmake -E cmake_link_script CMakeFiles/cmTC_30a82.dir/link.txt --verbose=1
/usr/bin/cc       CMakeFiles/cmTC_30a82.dir/CheckSymbolExists.c.o  -o cmTC_30a82 -rdynamic 
CMakeFiles/cmTC_30a82.dir/CheckSymbolExists.c.o: In function `main':
CheckSymbolExists.c:(.text+0x16): undefined reference to `pthread_create'
collect2: error: ld returned 1 exit status
CMakeFiles/cmTC_30a82.dir/build.make:97: recipe for target 'cmTC_30a82' failed
make[1]: *** [cmTC_30a82] Error 1
make[1]: Leaving directory '/home/aadityacr7/gsoc_2018/build/ur_description/CMakeFiles/CMakeTmp'
Makefile:126: recipe for target 'cmTC_30a82/fast' failed
make: *** [cmTC_30a82/fast] Error 2

File /home/aadityacr7/gsoc_2018/build/ur_description/CMakeFiles/CMakeTmp/CheckSymbolExists.c:
/* */
#include <pthread.h>

int main(int argc, char** argv)
{
  (void)argv;
#ifndef pthread_create
  return ((int*)(&pthread_create))[argc];
#else
  (void)argc;
  return 0;
#endif
}

Determining if the function pthread_create exists in the pthreads failed with the following output:
Change Dir: /home/aadityacr7/gsoc_2018/build/ur_description/CMakeFiles/CMakeTmp

Run Build Command:"/usr/bin/make" "cmTC_836c5/fast"
/usr/bin/make -f CMakeFiles/cmTC_836c5.dir/build.make CMakeFiles/cmTC_836c5.dir/build
make[1]: Entering directory '/home/aadityacr7/gsoc_2018/build/ur_description/CMakeFiles/CMakeTmp'
Building C object CMakeFiles/cmTC_836c5.dir/CheckFunctionExists.c.o
/usr/bin/cc    -DCHECK_FUNCTION_EXISTS=pthread_create   -o CMakeFiles/cmTC_836c5.dir/CheckFunctionExists.c.o   -c /usr/share/cmake-3.5/Modules/CheckFunctionExists.c
Linking C executable cmTC_836c5
/usr/bin/cmake -E cmake_link_script CMakeFiles/cmTC_836c5.dir/link.txt --verbose=1
/usr/bin/cc   -DCHECK_FUNCTION_EXISTS=pthread_create    CMakeFiles/cmTC_836c5.dir/CheckFunctionExists.c.o  -o cmTC_836c5 -rdynamic -lpthreads 
/usr/bin/ld: cannot find -lpthreads
collect2: error: ld returned 1 exit status
CMakeFiles/cmTC_836c5.dir/build.make:97: recipe for target 'cmTC_836c5' failed
make[1]: *** [cmTC_836c5] Error 1
make[1]: Leaving directory '/home/aadityacr7/gsoc_2018/build/ur_description/CMakeFiles/CMakeTmp'
Makefile:126: recipe for target 'cmTC_836c5/fast' failed
make: *** [cmTC_836c5/fast] Error 2


