Determining if the pthread_create exist failed with the following output:
Change Dir: /home/aadityacr7/gsoc_2018/build/ur_driver/CMakeFiles/CMakeTmp

Run Build Command:"/usr/bin/make" "cmTC_38414/fast"
/usr/bin/make -f CMakeFiles/cmTC_38414.dir/build.make CMakeFiles/cmTC_38414.dir/build
make[1]: Entering directory '/home/aadityacr7/gsoc_2018/build/ur_driver/CMakeFiles/CMakeTmp'
Building C object CMakeFiles/cmTC_38414.dir/CheckSymbolExists.c.o
/usr/bin/cc     -o CMakeFiles/cmTC_38414.dir/CheckSymbolExists.c.o   -c /home/aadityacr7/gsoc_2018/build/ur_driver/CMakeFiles/CMakeTmp/CheckSymbolExists.c
Linking C executable cmTC_38414
/usr/bin/cmake -E cmake_link_script CMakeFiles/cmTC_38414.dir/link.txt --verbose=1
/usr/bin/cc       CMakeFiles/cmTC_38414.dir/CheckSymbolExists.c.o  -o cmTC_38414 -rdynamic 
CMakeFiles/cmTC_38414.dir/CheckSymbolExists.c.o: In function `main':
CheckSymbolExists.c:(.text+0x16): undefined reference to `pthread_create'
collect2: error: ld returned 1 exit status
CMakeFiles/cmTC_38414.dir/build.make:97: recipe for target 'cmTC_38414' failed
make[1]: *** [cmTC_38414] Error 1
make[1]: Leaving directory '/home/aadityacr7/gsoc_2018/build/ur_driver/CMakeFiles/CMakeTmp'
Makefile:126: recipe for target 'cmTC_38414/fast' failed
make: *** [cmTC_38414/fast] Error 2

File /home/aadityacr7/gsoc_2018/build/ur_driver/CMakeFiles/CMakeTmp/CheckSymbolExists.c:
/* */
#include <pthread.h>

int main(int argc, char** argv)
{
  (void)argv;
#ifndef pthread_create
  return ((int*)(&pthread_create))[argc];
#else
  (void)argc;
  return 0;
#endif
}

Determining if the function pthread_create exists in the pthreads failed with the following output:
Change Dir: /home/aadityacr7/gsoc_2018/build/ur_driver/CMakeFiles/CMakeTmp

Run Build Command:"/usr/bin/make" "cmTC_86efe/fast"
/usr/bin/make -f CMakeFiles/cmTC_86efe.dir/build.make CMakeFiles/cmTC_86efe.dir/build
make[1]: Entering directory '/home/aadityacr7/gsoc_2018/build/ur_driver/CMakeFiles/CMakeTmp'
Building C object CMakeFiles/cmTC_86efe.dir/CheckFunctionExists.c.o
/usr/bin/cc    -DCHECK_FUNCTION_EXISTS=pthread_create   -o CMakeFiles/cmTC_86efe.dir/CheckFunctionExists.c.o   -c /usr/share/cmake-3.5/Modules/CheckFunctionExists.c
Linking C executable cmTC_86efe
/usr/bin/cmake -E cmake_link_script CMakeFiles/cmTC_86efe.dir/link.txt --verbose=1
/usr/bin/cc   -DCHECK_FUNCTION_EXISTS=pthread_create    CMakeFiles/cmTC_86efe.dir/CheckFunctionExists.c.o  -o cmTC_86efe -rdynamic -lpthreads 
/usr/bin/ld: cannot find -lpthreads
collect2: error: ld returned 1 exit status
CMakeFiles/cmTC_86efe.dir/build.make:97: recipe for target 'cmTC_86efe' failed
make[1]: *** [cmTC_86efe] Error 1
make[1]: Leaving directory '/home/aadityacr7/gsoc_2018/build/ur_driver/CMakeFiles/CMakeTmp'
Makefile:126: recipe for target 'cmTC_86efe/fast' failed
make: *** [cmTC_86efe/fast] Error 2


