Determining if the pthread_create exist failed with the following output:
Change Dir: /home/aadityacr7/gsoc_2018/build/industrial_robot_client/CMakeFiles/CMakeTmp

Run Build Command:"/usr/bin/make" "cmTC_1fdce/fast"
/usr/bin/make -f CMakeFiles/cmTC_1fdce.dir/build.make CMakeFiles/cmTC_1fdce.dir/build
make[1]: Entering directory '/home/aadityacr7/gsoc_2018/build/industrial_robot_client/CMakeFiles/CMakeTmp'
Building C object CMakeFiles/cmTC_1fdce.dir/CheckSymbolExists.c.o
/usr/bin/cc     -o CMakeFiles/cmTC_1fdce.dir/CheckSymbolExists.c.o   -c /home/aadityacr7/gsoc_2018/build/industrial_robot_client/CMakeFiles/CMakeTmp/CheckSymbolExists.c
Linking C executable cmTC_1fdce
/usr/bin/cmake -E cmake_link_script CMakeFiles/cmTC_1fdce.dir/link.txt --verbose=1
/usr/bin/cc       CMakeFiles/cmTC_1fdce.dir/CheckSymbolExists.c.o  -o cmTC_1fdce -rdynamic 
CMakeFiles/cmTC_1fdce.dir/CheckSymbolExists.c.o: In function `main':
CheckSymbolExists.c:(.text+0x16): undefined reference to `pthread_create'
collect2: error: ld returned 1 exit status
CMakeFiles/cmTC_1fdce.dir/build.make:97: recipe for target 'cmTC_1fdce' failed
make[1]: *** [cmTC_1fdce] Error 1
make[1]: Leaving directory '/home/aadityacr7/gsoc_2018/build/industrial_robot_client/CMakeFiles/CMakeTmp'
Makefile:126: recipe for target 'cmTC_1fdce/fast' failed
make: *** [cmTC_1fdce/fast] Error 2

File /home/aadityacr7/gsoc_2018/build/industrial_robot_client/CMakeFiles/CMakeTmp/CheckSymbolExists.c:
/* */
#include <pthread.h>

int main(int argc, char** argv)
{
  (void)argv;
#ifndef pthread_create
  return ((int*)(&pthread_create))[argc];
#else
  (void)argc;
  return 0;
#endif
}

Determining if the function pthread_create exists in the pthreads failed with the following output:
Change Dir: /home/aadityacr7/gsoc_2018/build/industrial_robot_client/CMakeFiles/CMakeTmp

Run Build Command:"/usr/bin/make" "cmTC_63b5d/fast"
/usr/bin/make -f CMakeFiles/cmTC_63b5d.dir/build.make CMakeFiles/cmTC_63b5d.dir/build
make[1]: Entering directory '/home/aadityacr7/gsoc_2018/build/industrial_robot_client/CMakeFiles/CMakeTmp'
Building C object CMakeFiles/cmTC_63b5d.dir/CheckFunctionExists.c.o
/usr/bin/cc    -DCHECK_FUNCTION_EXISTS=pthread_create   -o CMakeFiles/cmTC_63b5d.dir/CheckFunctionExists.c.o   -c /usr/share/cmake-3.5/Modules/CheckFunctionExists.c
Linking C executable cmTC_63b5d
/usr/bin/cmake -E cmake_link_script CMakeFiles/cmTC_63b5d.dir/link.txt --verbose=1
/usr/bin/cc   -DCHECK_FUNCTION_EXISTS=pthread_create    CMakeFiles/cmTC_63b5d.dir/CheckFunctionExists.c.o  -o cmTC_63b5d -rdynamic -lpthreads 
/usr/bin/ld: cannot find -lpthreads
collect2: error: ld returned 1 exit status
CMakeFiles/cmTC_63b5d.dir/build.make:97: recipe for target 'cmTC_63b5d' failed
make[1]: *** [cmTC_63b5d] Error 1
make[1]: Leaving directory '/home/aadityacr7/gsoc_2018/build/industrial_robot_client/CMakeFiles/CMakeTmp'
Makefile:126: recipe for target 'cmTC_63b5d/fast' failed
make: *** [cmTC_63b5d/fast] Error 2


