Symlinking /home/aadityacr7/gsoc_2018/devel/include/industrial_msgs/ServiceReturnCode.h
Symlinking /home/aadityacr7/gsoc_2018/devel/include/industrial_msgs/RobotStatus.h
Symlinking /home/aadityacr7/gsoc_2018/devel/include/industrial_msgs/TriState.h
Symlinking /home/aadityacr7/gsoc_2018/devel/include/industrial_msgs/StopMotion.h
Symlinking /home/aadityacr7/gsoc_2018/devel/include/industrial_msgs/SetDrivePowerResponse.h
Symlinking /home/aadityacr7/gsoc_2018/devel/include/industrial_msgs/GetRobotInfo.h
Symlinking /home/aadityacr7/gsoc_2018/devel/include/industrial_msgs/StartMotion.h
Symlinking /home/aadityacr7/gsoc_2018/devel/include/industrial_msgs/SetRemoteLoggerLevelResponse.h
Symlinking /home/aadityacr7/gsoc_2018/devel/include/industrial_msgs/GetRobotInfoRequest.h
Symlinking /home/aadityacr7/gsoc_2018/devel/include/industrial_msgs/GetRobotInfoResponse.h
Symlinking /home/aadityacr7/gsoc_2018/devel/include/industrial_msgs/RobotMode.h
Symlinking /home/aadityacr7/gsoc_2018/devel/include/industrial_msgs/SetDrivePowerRequest.h
Symlinking /home/aadityacr7/gsoc_2018/devel/include/industrial_msgs/SetDrivePower.h
Symlinking /home/aadityacr7/gsoc_2018/devel/include/industrial_msgs/CmdJointTrajectory.h
Symlinking /home/aadityacr7/gsoc_2018/devel/include/industrial_msgs/DeviceInfo.h
Symlinking /home/aadityacr7/gsoc_2018/devel/include/industrial_msgs/DebugLevel.h
Symlinking /home/aadityacr7/gsoc_2018/devel/include/industrial_msgs/StartMotionRequest.h
Symlinking /home/aadityacr7/gsoc_2018/devel/include/industrial_msgs/SetRemoteLoggerLevel.h
Symlinking /home/aadityacr7/gsoc_2018/devel/include/industrial_msgs/CmdJointTrajectoryResponse.h
Symlinking /home/aadityacr7/gsoc_2018/devel/include/industrial_msgs/StopMotionResponse.h
Symlinking /home/aadityacr7/gsoc_2018/devel/include/industrial_msgs/StopMotionRequest.h
Symlinking /home/aadityacr7/gsoc_2018/devel/include/industrial_msgs/SetRemoteLoggerLevelRequest.h
Symlinking /home/aadityacr7/gsoc_2018/devel/include/industrial_msgs/StartMotionResponse.h
Symlinking /home/aadityacr7/gsoc_2018/devel/include/industrial_msgs/CmdJointTrajectoryRequest.h
Symlinking /home/aadityacr7/gsoc_2018/devel/lib/python2.7/dist-packages/industrial_msgs/__init__.py
Symlinking /home/aadityacr7/gsoc_2018/devel/lib/python2.7/dist-packages/industrial_msgs/srv/_CmdJointTrajectory.py
Symlinking /home/aadityacr7/gsoc_2018/devel/lib/python2.7/dist-packages/industrial_msgs/srv/_StopMotion.py
Symlinking /home/aadityacr7/gsoc_2018/devel/lib/python2.7/dist-packages/industrial_msgs/srv/_StartMotion.py
Symlinking /home/aadityacr7/gsoc_2018/devel/lib/python2.7/dist-packages/industrial_msgs/srv/_GetRobotInfo.py
Symlinking /home/aadityacr7/gsoc_2018/devel/lib/python2.7/dist-packages/industrial_msgs/srv/__init__.py
Symlinking /home/aadityacr7/gsoc_2018/devel/lib/python2.7/dist-packages/industrial_msgs/srv/_SetDrivePower.py
Symlinking /home/aadityacr7/gsoc_2018/devel/lib/python2.7/dist-packages/industrial_msgs/srv/_SetRemoteLoggerLevel.py
Symlinking /home/aadityacr7/gsoc_2018/devel/lib/python2.7/dist-packages/industrial_msgs/msg/_DeviceInfo.py
Symlinking /home/aadityacr7/gsoc_2018/devel/lib/python2.7/dist-packages/industrial_msgs/msg/_RobotStatus.py
Symlinking /home/aadityacr7/gsoc_2018/devel/lib/python2.7/dist-packages/industrial_msgs/msg/__init__.py
Symlinking /home/aadityacr7/gsoc_2018/devel/lib/python2.7/dist-packages/industrial_msgs/msg/_RobotMode.py
Symlinking /home/aadityacr7/gsoc_2018/devel/lib/python2.7/dist-packages/industrial_msgs/msg/_ServiceReturnCode.py
Symlinking /home/aadityacr7/gsoc_2018/devel/lib/python2.7/dist-packages/industrial_msgs/msg/_DebugLevel.py
Symlinking /home/aadityacr7/gsoc_2018/devel/lib/python2.7/dist-packages/industrial_msgs/msg/_TriState.py
Symlinking /home/aadityacr7/gsoc_2018/devel/lib/pkgconfig/industrial_msgs.pc
Symlinking /home/aadityacr7/gsoc_2018/devel/share/common-lisp/ros/industrial_msgs/srv/GetRobotInfo.lisp
Symlinking /home/aadityacr7/gsoc_2018/devel/share/common-lisp/ros/industrial_msgs/srv/SetRemoteLoggerLevel.lisp
Symlinking /home/aadityacr7/gsoc_2018/devel/share/common-lisp/ros/industrial_msgs/srv/_package_GetRobotInfo.lisp
Symlinking /home/aadityacr7/gsoc_2018/devel/share/common-lisp/ros/industrial_msgs/srv/industrial_msgs-srv.asd
Symlinking /home/aadityacr7/gsoc_2018/devel/share/common-lisp/ros/industrial_msgs/srv/SetDrivePower.lisp
Symlinking /home/aadityacr7/gsoc_2018/devel/share/common-lisp/ros/industrial_msgs/srv/_package_CmdJointTrajectory.lisp
Symlinking /home/aadityacr7/gsoc_2018/devel/share/common-lisp/ros/industrial_msgs/srv/CmdJointTrajectory.lisp
Symlinking /home/aadityacr7/gsoc_2018/devel/share/common-lisp/ros/industrial_msgs/srv/StopMotion.lisp
Symlinking /home/aadityacr7/gsoc_2018/devel/share/common-lisp/ros/industrial_msgs/srv/_package_StopMotion.lisp
Symlinking /home/aadityacr7/gsoc_2018/devel/share/common-lisp/ros/industrial_msgs/srv/_package_SetDrivePower.lisp
Symlinking /home/aadityacr7/gsoc_2018/devel/share/common-lisp/ros/industrial_msgs/srv/_package_StartMotion.lisp
Symlinking /home/aadityacr7/gsoc_2018/devel/share/common-lisp/ros/industrial_msgs/srv/_package_SetRemoteLoggerLevel.lisp
Symlinking /home/aadityacr7/gsoc_2018/devel/share/common-lisp/ros/industrial_msgs/srv/StartMotion.lisp
Symlinking /home/aadityacr7/gsoc_2018/devel/share/common-lisp/ros/industrial_msgs/srv/_package.lisp
Symlinking /home/aadityacr7/gsoc_2018/devel/share/common-lisp/ros/industrial_msgs/msg/ServiceReturnCode.lisp
Symlinking /home/aadityacr7/gsoc_2018/devel/share/common-lisp/ros/industrial_msgs/msg/RobotMode.lisp
Symlinking /home/aadityacr7/gsoc_2018/devel/share/common-lisp/ros/industrial_msgs/msg/industrial_msgs-msg.asd
Symlinking /home/aadityacr7/gsoc_2018/devel/share/common-lisp/ros/industrial_msgs/msg/_package_TriState.lisp
Symlinking /home/aadityacr7/gsoc_2018/devel/share/common-lisp/ros/industrial_msgs/msg/RobotStatus.lisp
Symlinking /home/aadityacr7/gsoc_2018/devel/share/common-lisp/ros/industrial_msgs/msg/_package_DeviceInfo.lisp
Symlinking /home/aadityacr7/gsoc_2018/devel/share/common-lisp/ros/industrial_msgs/msg/DeviceInfo.lisp
Symlinking /home/aadityacr7/gsoc_2018/devel/share/common-lisp/ros/industrial_msgs/msg/_package_DebugLevel.lisp
Symlinking /home/aadityacr7/gsoc_2018/devel/share/common-lisp/ros/industrial_msgs/msg/TriState.lisp
Symlinking /home/aadityacr7/gsoc_2018/devel/share/common-lisp/ros/industrial_msgs/msg/_package_ServiceReturnCode.lisp
Symlinking /home/aadityacr7/gsoc_2018/devel/share/common-lisp/ros/industrial_msgs/msg/DebugLevel.lisp
Symlinking /home/aadityacr7/gsoc_2018/devel/share/common-lisp/ros/industrial_msgs/msg/_package.lisp
Symlinking /home/aadityacr7/gsoc_2018/devel/share/common-lisp/ros/industrial_msgs/msg/_package_RobotStatus.lisp
Symlinking /home/aadityacr7/gsoc_2018/devel/share/common-lisp/ros/industrial_msgs/msg/_package_RobotMode.lisp
Symlinking /home/aadityacr7/gsoc_2018/devel/share/industrial_msgs/cmake/industrial_msgsConfig.cmake
Symlinking /home/aadityacr7/gsoc_2018/devel/share/industrial_msgs/cmake/industrial_msgs-msg-paths.cmake
Symlinking /home/aadityacr7/gsoc_2018/devel/share/industrial_msgs/cmake/industrial_msgsConfig-version.cmake
Symlinking /home/aadityacr7/gsoc_2018/devel/share/industrial_msgs/cmake/industrial_msgs-msg-extras.cmake
Symlinking /home/aadityacr7/gsoc_2018/devel/share/gennodejs/ros/industrial_msgs/_index.js
Symlinking /home/aadityacr7/gsoc_2018/devel/share/gennodejs/ros/industrial_msgs/srv/SetDrivePower.js
Symlinking /home/aadityacr7/gsoc_2018/devel/share/gennodejs/ros/industrial_msgs/srv/StopMotion.js
Symlinking /home/aadityacr7/gsoc_2018/devel/share/gennodejs/ros/industrial_msgs/srv/CmdJointTrajectory.js
Symlinking /home/aadityacr7/gsoc_2018/devel/share/gennodejs/ros/industrial_msgs/srv/SetRemoteLoggerLevel.js
Symlinking /home/aadityacr7/gsoc_2018/devel/share/gennodejs/ros/industrial_msgs/srv/GetRobotInfo.js
Symlinking /home/aadityacr7/gsoc_2018/devel/share/gennodejs/ros/industrial_msgs/srv/StartMotion.js
Symlinking /home/aadityacr7/gsoc_2018/devel/share/gennodejs/ros/industrial_msgs/srv/_index.js
Symlinking /home/aadityacr7/gsoc_2018/devel/share/gennodejs/ros/industrial_msgs/msg/RobotMode.js
Symlinking /home/aadityacr7/gsoc_2018/devel/share/gennodejs/ros/industrial_msgs/msg/DebugLevel.js
Symlinking /home/aadityacr7/gsoc_2018/devel/share/gennodejs/ros/industrial_msgs/msg/TriState.js
Symlinking /home/aadityacr7/gsoc_2018/devel/share/gennodejs/ros/industrial_msgs/msg/ServiceReturnCode.js
Symlinking /home/aadityacr7/gsoc_2018/devel/share/gennodejs/ros/industrial_msgs/msg/RobotStatus.js
Symlinking /home/aadityacr7/gsoc_2018/devel/share/gennodejs/ros/industrial_msgs/msg/DeviceInfo.js
Symlinking /home/aadityacr7/gsoc_2018/devel/share/gennodejs/ros/industrial_msgs/msg/_index.js
Symlinking /home/aadityacr7/gsoc_2018/devel/share/roseus/ros/industrial_msgs/manifest.l
Symlinking /home/aadityacr7/gsoc_2018/devel/share/roseus/ros/industrial_msgs/srv/SetDrivePower.l
Symlinking /home/aadityacr7/gsoc_2018/devel/share/roseus/ros/industrial_msgs/srv/SetRemoteLoggerLevel.l
Symlinking /home/aadityacr7/gsoc_2018/devel/share/roseus/ros/industrial_msgs/srv/GetRobotInfo.l
Symlinking /home/aadityacr7/gsoc_2018/devel/share/roseus/ros/industrial_msgs/srv/StopMotion.l
Symlinking /home/aadityacr7/gsoc_2018/devel/share/roseus/ros/industrial_msgs/srv/StartMotion.l
Symlinking /home/aadityacr7/gsoc_2018/devel/share/roseus/ros/industrial_msgs/srv/CmdJointTrajectory.l
Symlinking /home/aadityacr7/gsoc_2018/devel/share/roseus/ros/industrial_msgs/msg/RobotMode.l
Symlinking /home/aadityacr7/gsoc_2018/devel/share/roseus/ros/industrial_msgs/msg/DeviceInfo.l
Symlinking /home/aadityacr7/gsoc_2018/devel/share/roseus/ros/industrial_msgs/msg/RobotStatus.l
Symlinking /home/aadityacr7/gsoc_2018/devel/share/roseus/ros/industrial_msgs/msg/ServiceReturnCode.l
Symlinking /home/aadityacr7/gsoc_2018/devel/share/roseus/ros/industrial_msgs/msg/DebugLevel.l
Symlinking /home/aadityacr7/gsoc_2018/devel/share/roseus/ros/industrial_msgs/msg/TriState.l
