[  0%] Built target _industrial_msgs_generate_messages_check_deps_GetRobotInfo
[  0%] Built target _industrial_msgs_generate_messages_check_deps_RobotMode
[  0%] Built target _industrial_msgs_generate_messages_check_deps_DebugLevel
[  0%] Built target trajectory_msgs_generate_messages_eus
[  0%] Built target _industrial_msgs_generate_messages_check_deps_DeviceInfo
[  0%] Built target std_msgs_generate_messages_eus
[  0%] Built target _industrial_msgs_generate_messages_check_deps_TriState
[  0%] Built target _industrial_msgs_generate_messages_check_deps_SetRemoteLoggerLevel
[  0%] Built target _industrial_msgs_generate_messages_check_deps_RobotStatus
[  0%] Built target _industrial_msgs_generate_messages_check_deps_StopMotion
[  0%] Built target _industrial_msgs_generate_messages_check_deps_SetDrivePower
[  0%] Built target _industrial_msgs_generate_messages_check_deps_CmdJointTrajectory
[  0%] Built target _industrial_msgs_generate_messages_check_deps_StartMotion
[  0%] Built target trajectory_msgs_generate_messages_cpp
[  0%] Built target std_msgs_generate_messages_cpp
[  0%] Built target _industrial_msgs_generate_messages_check_deps_ServiceReturnCode
[  0%] Built target std_msgs_generate_messages_lisp
[  0%] Built target trajectory_msgs_generate_messages_lisp
[  0%] Built target trajectory_msgs_generate_messages_nodejs
[  0%] Built target std_msgs_generate_messages_nodejs
[  0%] Built target trajectory_msgs_generate_messages_py
[  0%] Built target std_msgs_generate_messages_py
[ 20%] Built target industrial_msgs_generate_messages_eus
[ 39%] Built target industrial_msgs_generate_messages_cpp
[ 58%] Built target industrial_msgs_generate_messages_lisp
[ 77%] Built target industrial_msgs_generate_messages_nodejs
[100%] Built target industrial_msgs_generate_messages_py
[100%] Built target industrial_msgs_generate_messages
