[35m[1mScanning dependencies of target _industrial_msgs_generate_messages_check_deps_GetRobotInfo[0m
[35m[1mScanning dependencies of target _industrial_msgs_generate_messages_check_deps_RobotMode[0m
[  0%] Built target _industrial_msgs_generate_messages_check_deps_GetRobotInfo
[  0%] Built target _industrial_msgs_generate_messages_check_deps_RobotMode
[35m[1mScanning dependencies of target _industrial_msgs_generate_messages_check_deps_DebugLevel[0m
[35m[1mScanning dependencies of target _industrial_msgs_generate_messages_check_deps_DeviceInfo[0m
[  0%] Built target _industrial_msgs_generate_messages_check_deps_DebugLevel
[  0%] Built target _industrial_msgs_generate_messages_check_deps_DeviceInfo
[35m[1mScanning dependencies of target trajectory_msgs_generate_messages_eus[0m
[  0%] Built target trajectory_msgs_generate_messages_eus
[35m[1mScanning dependencies of target _industrial_msgs_generate_messages_check_deps_TriState[0m
[35m[1mScanning dependencies of target std_msgs_generate_messages_eus[0m
[  0%] Built target _industrial_msgs_generate_messages_check_deps_TriState
[  0%] Built target std_msgs_generate_messages_eus
[35m[1mScanning dependencies of target _industrial_msgs_generate_messages_check_deps_SetRemoteLoggerLevel[0m
[  0%] Built target _industrial_msgs_generate_messages_check_deps_SetRemoteLoggerLevel
[35m[1mScanning dependencies of target _industrial_msgs_generate_messages_check_deps_RobotStatus[0m
[35m[1mScanning dependencies of target _industrial_msgs_generate_messages_check_deps_StopMotion[0m
[35m[1mScanning dependencies of target _industrial_msgs_generate_messages_check_deps_SetDrivePower[0m
[  0%] Built target _industrial_msgs_generate_messages_check_deps_RobotStatus
[  0%] Built target _industrial_msgs_generate_messages_check_deps_SetDrivePower
[  0%] Built target _industrial_msgs_generate_messages_check_deps_StopMotion
[35m[1mScanning dependencies of target _industrial_msgs_generate_messages_check_deps_CmdJointTrajectory[0m
[35m[1mScanning dependencies of target _industrial_msgs_generate_messages_check_deps_StartMotion[0m
[35m[1mScanning dependencies of target _industrial_msgs_generate_messages_check_deps_ServiceReturnCode[0m
[  0%] Built target _industrial_msgs_generate_messages_check_deps_CmdJointTrajectory
[35m[1mScanning dependencies of target trajectory_msgs_generate_messages_cpp[0m
[  0%] Built target trajectory_msgs_generate_messages_cpp
[  0%] Built target _industrial_msgs_generate_messages_check_deps_StartMotion
[  0%] Built target _industrial_msgs_generate_messages_check_deps_ServiceReturnCode
[35m[1mScanning dependencies of target std_msgs_generate_messages_cpp[0m
[  0%] Built target std_msgs_generate_messages_cpp
[35m[1mScanning dependencies of target std_msgs_generate_messages_lisp[0m
[  0%] Built target std_msgs_generate_messages_lisp
[35m[1mScanning dependencies of target trajectory_msgs_generate_messages_lisp[0m
[  0%] Built target trajectory_msgs_generate_messages_lisp
[35m[1mScanning dependencies of target trajectory_msgs_generate_messages_nodejs[0m
[  0%] Built target trajectory_msgs_generate_messages_nodejs
[35m[1mScanning dependencies of target std_msgs_generate_messages_nodejs[0m
[  0%] Built target std_msgs_generate_messages_nodejs
[35m[1mScanning dependencies of target trajectory_msgs_generate_messages_py[0m
[  0%] Built target trajectory_msgs_generate_messages_py
[35m[1mScanning dependencies of target std_msgs_generate_messages_py[0m
[  0%] Built target std_msgs_generate_messages_py
[35m[1mScanning dependencies of target industrial_msgs_generate_messages_eus[0m
[  1%] [34m[1mGenerating EusLisp code from industrial_msgs/RobotMode.msg[0m
[  3%] [34m[1mGenerating EusLisp code from industrial_msgs/DebugLevel.msg[0m
[  4%] [34m[1mGenerating EusLisp code from industrial_msgs/TriState.msg[0m
[  6%] [34m[1mGenerating EusLisp code from industrial_msgs/RobotStatus.msg[0m
[  7%] [34m[1mGenerating EusLisp code from industrial_msgs/DeviceInfo.msg[0m
[  9%] [34m[1mGenerating EusLisp code from industrial_msgs/ServiceReturnCode.msg[0m
[ 11%] [34m[1mGenerating EusLisp code from industrial_msgs/SetRemoteLoggerLevel.srv[0m
[ 12%] [34m[1mGenerating EusLisp code from industrial_msgs/StopMotion.srv[0m
[ 14%] [34m[1mGenerating EusLisp code from industrial_msgs/SetDrivePower.srv[0m
[ 15%] [34m[1mGenerating EusLisp code from industrial_msgs/CmdJointTrajectory.srv[0m
[ 17%] [34m[1mGenerating EusLisp code from industrial_msgs/StartMotion.srv[0m
[ 19%] [34m[1mGenerating EusLisp code from industrial_msgs/GetRobotInfo.srv[0m
[ 20%] [34m[1mGenerating EusLisp manifest code for industrial_msgs[0m
[ 20%] Built target industrial_msgs_generate_messages_eus
[35m[1mScanning dependencies of target industrial_msgs_generate_messages_cpp[0m
[ 22%] [34m[1mGenerating C++ code from industrial_msgs/RobotMode.msg[0m
[ 23%] [34m[1mGenerating C++ code from industrial_msgs/DebugLevel.msg[0m
[ 25%] [34m[1mGenerating C++ code from industrial_msgs/TriState.msg[0m
[ 26%] [34m[1mGenerating C++ code from industrial_msgs/RobotStatus.msg[0m
[ 28%] [34m[1mGenerating C++ code from industrial_msgs/DeviceInfo.msg[0m
[ 30%] [34m[1mGenerating C++ code from industrial_msgs/ServiceReturnCode.msg[0m
[ 31%] [34m[1mGenerating C++ code from industrial_msgs/SetRemoteLoggerLevel.srv[0m
[ 33%] [34m[1mGenerating C++ code from industrial_msgs/StopMotion.srv[0m
[ 34%] [34m[1mGenerating C++ code from industrial_msgs/SetDrivePower.srv[0m
[ 36%] [34m[1mGenerating C++ code from industrial_msgs/CmdJointTrajectory.srv[0m
[ 38%] [34m[1mGenerating C++ code from industrial_msgs/StartMotion.srv[0m
[ 39%] [34m[1mGenerating C++ code from industrial_msgs/GetRobotInfo.srv[0m
[ 39%] Built target industrial_msgs_generate_messages_cpp
[35m[1mScanning dependencies of target industrial_msgs_generate_messages_lisp[0m
[ 41%] [34m[1mGenerating Lisp code from industrial_msgs/RobotMode.msg[0m
[ 42%] [34m[1mGenerating Lisp code from industrial_msgs/DebugLevel.msg[0m
[ 44%] [34m[1mGenerating Lisp code from industrial_msgs/TriState.msg[0m
[ 46%] [34m[1mGenerating Lisp code from industrial_msgs/RobotStatus.msg[0m
[ 47%] [34m[1mGenerating Lisp code from industrial_msgs/DeviceInfo.msg[0m
[ 49%] [34m[1mGenerating Lisp code from industrial_msgs/ServiceReturnCode.msg[0m
[ 50%] [34m[1mGenerating Lisp code from industrial_msgs/SetRemoteLoggerLevel.srv[0m
[ 52%] [34m[1mGenerating Lisp code from industrial_msgs/StopMotion.srv[0m
[ 53%] [34m[1mGenerating Lisp code from industrial_msgs/SetDrivePower.srv[0m
[ 55%] [34m[1mGenerating Lisp code from industrial_msgs/CmdJointTrajectory.srv[0m
[ 57%] [34m[1mGenerating Lisp code from industrial_msgs/StartMotion.srv[0m
[ 58%] [34m[1mGenerating Lisp code from industrial_msgs/GetRobotInfo.srv[0m
[ 58%] Built target industrial_msgs_generate_messages_lisp
[35m[1mScanning dependencies of target industrial_msgs_generate_messages_nodejs[0m
[ 60%] [34m[1mGenerating Javascript code from industrial_msgs/RobotMode.msg[0m
[ 61%] [34m[1mGenerating Javascript code from industrial_msgs/DebugLevel.msg[0m
[ 63%] [34m[1mGenerating Javascript code from industrial_msgs/TriState.msg[0m
[ 65%] [34m[1mGenerating Javascript code from industrial_msgs/RobotStatus.msg[0m
[ 66%] [34m[1mGenerating Javascript code from industrial_msgs/DeviceInfo.msg[0m
[ 68%] [34m[1mGenerating Javascript code from industrial_msgs/ServiceReturnCode.msg[0m
[ 69%] [34m[1mGenerating Javascript code from industrial_msgs/SetRemoteLoggerLevel.srv[0m
[ 71%] [34m[1mGenerating Javascript code from industrial_msgs/StopMotion.srv[0m
[ 73%] [34m[1mGenerating Javascript code from industrial_msgs/SetDrivePower.srv[0m
[ 74%] [34m[1mGenerating Javascript code from industrial_msgs/CmdJointTrajectory.srv[0m
[ 76%] [34m[1mGenerating Javascript code from industrial_msgs/StartMotion.srv[0m
[ 77%] [34m[1mGenerating Javascript code from industrial_msgs/GetRobotInfo.srv[0m
[ 77%] Built target industrial_msgs_generate_messages_nodejs
[35m[1mScanning dependencies of target industrial_msgs_generate_messages_py[0m
[ 79%] [34m[1mGenerating Python from MSG industrial_msgs/RobotMode[0m
[ 80%] [34m[1mGenerating Python from MSG industrial_msgs/DebugLevel[0m
[ 82%] [34m[1mGenerating Python from MSG industrial_msgs/TriState[0m
[ 84%] [34m[1mGenerating Python from MSG industrial_msgs/RobotStatus[0m
[ 85%] [34m[1mGenerating Python from MSG industrial_msgs/DeviceInfo[0m
[ 87%] [34m[1mGenerating Python from MSG industrial_msgs/ServiceReturnCode[0m
[ 88%] [34m[1mGenerating Python code from SRV industrial_msgs/SetRemoteLoggerLevel[0m
[ 90%] [34m[1mGenerating Python code from SRV industrial_msgs/StopMotion[0m
[ 92%] [34m[1mGenerating Python code from SRV industrial_msgs/SetDrivePower[0m
[ 93%] [34m[1mGenerating Python code from SRV industrial_msgs/CmdJointTrajectory[0m
[ 95%] [34m[1mGenerating Python code from SRV industrial_msgs/StartMotion[0m
[ 96%] [34m[1mGenerating Python code from SRV industrial_msgs/GetRobotInfo[0m
[ 98%] [34m[1mGenerating Python msg __init__.py for industrial_msgs[0m
[100%] [34m[1mGenerating Python srv __init__.py for industrial_msgs[0m
[100%] Built target industrial_msgs_generate_messages_py
[35m[1mScanning dependencies of target industrial_msgs_generate_messages[0m
[100%] Built target industrial_msgs_generate_messages
