Determining if the pthread_create exist failed with the following output:
Change Dir: /home/aadityacr7/gsoc_2018/build/myworkcell_core/CMakeFiles/CMakeTmp

Run Build Command:"/usr/bin/make" "cmTC_b05bb/fast"
/usr/bin/make -f CMakeFiles/cmTC_b05bb.dir/build.make CMakeFiles/cmTC_b05bb.dir/build
make[1]: Entering directory '/home/aadityacr7/gsoc_2018/build/myworkcell_core/CMakeFiles/CMakeTmp'
Building C object CMakeFiles/cmTC_b05bb.dir/CheckSymbolExists.c.o
/usr/bin/cc     -o CMakeFiles/cmTC_b05bb.dir/CheckSymbolExists.c.o   -c /home/aadityacr7/gsoc_2018/build/myworkcell_core/CMakeFiles/CMakeTmp/CheckSymbolExists.c
Linking C executable cmTC_b05bb
/usr/bin/cmake -E cmake_link_script CMakeFiles/cmTC_b05bb.dir/link.txt --verbose=1
/usr/bin/cc       CMakeFiles/cmTC_b05bb.dir/CheckSymbolExists.c.o  -o cmTC_b05bb -rdynamic 
CMakeFiles/cmTC_b05bb.dir/CheckSymbolExists.c.o: In function `main':
CheckSymbolExists.c:(.text+0x16): undefined reference to `pthread_create'
collect2: error: ld returned 1 exit status
CMakeFiles/cmTC_b05bb.dir/build.make:97: recipe for target 'cmTC_b05bb' failed
make[1]: *** [cmTC_b05bb] Error 1
make[1]: Leaving directory '/home/aadityacr7/gsoc_2018/build/myworkcell_core/CMakeFiles/CMakeTmp'
Makefile:126: recipe for target 'cmTC_b05bb/fast' failed
make: *** [cmTC_b05bb/fast] Error 2

File /home/aadityacr7/gsoc_2018/build/myworkcell_core/CMakeFiles/CMakeTmp/CheckSymbolExists.c:
/* */
#include <pthread.h>

int main(int argc, char** argv)
{
  (void)argv;
#ifndef pthread_create
  return ((int*)(&pthread_create))[argc];
#else
  (void)argc;
  return 0;
#endif
}

Determining if the function pthread_create exists in the pthreads failed with the following output:
Change Dir: /home/aadityacr7/gsoc_2018/build/myworkcell_core/CMakeFiles/CMakeTmp

Run Build Command:"/usr/bin/make" "cmTC_f41c7/fast"
/usr/bin/make -f CMakeFiles/cmTC_f41c7.dir/build.make CMakeFiles/cmTC_f41c7.dir/build
make[1]: Entering directory '/home/aadityacr7/gsoc_2018/build/myworkcell_core/CMakeFiles/CMakeTmp'
Building C object CMakeFiles/cmTC_f41c7.dir/CheckFunctionExists.c.o
/usr/bin/cc    -DCHECK_FUNCTION_EXISTS=pthread_create   -o CMakeFiles/cmTC_f41c7.dir/CheckFunctionExists.c.o   -c /usr/share/cmake-3.5/Modules/CheckFunctionExists.c
Linking C executable cmTC_f41c7
/usr/bin/cmake -E cmake_link_script CMakeFiles/cmTC_f41c7.dir/link.txt --verbose=1
/usr/bin/cc   -DCHECK_FUNCTION_EXISTS=pthread_create    CMakeFiles/cmTC_f41c7.dir/CheckFunctionExists.c.o  -o cmTC_f41c7 -rdynamic -lpthreads 
/usr/bin/ld: cannot find -lpthreads
collect2: error: ld returned 1 exit status
CMakeFiles/cmTC_f41c7.dir/build.make:97: recipe for target 'cmTC_f41c7' failed
make[1]: *** [cmTC_f41c7] Error 1
make[1]: Leaving directory '/home/aadityacr7/gsoc_2018/build/myworkcell_core/CMakeFiles/CMakeTmp'
Makefile:126: recipe for target 'cmTC_f41c7/fast' failed
make: *** [cmTC_f41c7/fast] Error 2


