Determining if the pthread_create exist failed with the following output:
Change Dir: /home/aadityacr7/gsoc_2018/build/simple_message/CMakeFiles/CMakeTmp

Run Build Command:"/usr/bin/make" "cmTC_7fead/fast"
/usr/bin/make -f CMakeFiles/cmTC_7fead.dir/build.make CMakeFiles/cmTC_7fead.dir/build
make[1]: Entering directory '/home/aadityacr7/gsoc_2018/build/simple_message/CMakeFiles/CMakeTmp'
Building C object CMakeFiles/cmTC_7fead.dir/CheckSymbolExists.c.o
/usr/bin/cc     -o CMakeFiles/cmTC_7fead.dir/CheckSymbolExists.c.o   -c /home/aadityacr7/gsoc_2018/build/simple_message/CMakeFiles/CMakeTmp/CheckSymbolExists.c
Linking C executable cmTC_7fead
/usr/bin/cmake -E cmake_link_script CMakeFiles/cmTC_7fead.dir/link.txt --verbose=1
/usr/bin/cc       CMakeFiles/cmTC_7fead.dir/CheckSymbolExists.c.o  -o cmTC_7fead -rdynamic 
CMakeFiles/cmTC_7fead.dir/CheckSymbolExists.c.o: In function `main':
CheckSymbolExists.c:(.text+0x16): undefined reference to `pthread_create'
collect2: error: ld returned 1 exit status
CMakeFiles/cmTC_7fead.dir/build.make:97: recipe for target 'cmTC_7fead' failed
make[1]: *** [cmTC_7fead] Error 1
make[1]: Leaving directory '/home/aadityacr7/gsoc_2018/build/simple_message/CMakeFiles/CMakeTmp'
Makefile:126: recipe for target 'cmTC_7fead/fast' failed
make: *** [cmTC_7fead/fast] Error 2

File /home/aadityacr7/gsoc_2018/build/simple_message/CMakeFiles/CMakeTmp/CheckSymbolExists.c:
/* */
#include <pthread.h>

int main(int argc, char** argv)
{
  (void)argv;
#ifndef pthread_create
  return ((int*)(&pthread_create))[argc];
#else
  (void)argc;
  return 0;
#endif
}

Determining if the function pthread_create exists in the pthreads failed with the following output:
Change Dir: /home/aadityacr7/gsoc_2018/build/simple_message/CMakeFiles/CMakeTmp

Run Build Command:"/usr/bin/make" "cmTC_57228/fast"
/usr/bin/make -f CMakeFiles/cmTC_57228.dir/build.make CMakeFiles/cmTC_57228.dir/build
make[1]: Entering directory '/home/aadityacr7/gsoc_2018/build/simple_message/CMakeFiles/CMakeTmp'
Building C object CMakeFiles/cmTC_57228.dir/CheckFunctionExists.c.o
/usr/bin/cc    -DCHECK_FUNCTION_EXISTS=pthread_create   -o CMakeFiles/cmTC_57228.dir/CheckFunctionExists.c.o   -c /usr/share/cmake-3.5/Modules/CheckFunctionExists.c
Linking C executable cmTC_57228
/usr/bin/cmake -E cmake_link_script CMakeFiles/cmTC_57228.dir/link.txt --verbose=1
/usr/bin/cc   -DCHECK_FUNCTION_EXISTS=pthread_create    CMakeFiles/cmTC_57228.dir/CheckFunctionExists.c.o  -o cmTC_57228 -rdynamic -lpthreads 
/usr/bin/ld: cannot find -lpthreads
collect2: error: ld returned 1 exit status
CMakeFiles/cmTC_57228.dir/build.make:97: recipe for target 'cmTC_57228' failed
make[1]: *** [cmTC_57228] Error 1
make[1]: Leaving directory '/home/aadityacr7/gsoc_2018/build/simple_message/CMakeFiles/CMakeTmp'
Makefile:126: recipe for target 'cmTC_57228/fast' failed
make: *** [cmTC_57228/fast] Error 2


