Determining if the pthread_create exist failed with the following output:
Change Dir: /home/aadityacr7/gsoc_2018/build/ur_bringup/CMakeFiles/CMakeTmp

Run Build Command:"/usr/bin/make" "cmTC_6221c/fast"
/usr/bin/make -f CMakeFiles/cmTC_6221c.dir/build.make CMakeFiles/cmTC_6221c.dir/build
make[1]: Entering directory '/home/aadityacr7/gsoc_2018/build/ur_bringup/CMakeFiles/CMakeTmp'
Building C object CMakeFiles/cmTC_6221c.dir/CheckSymbolExists.c.o
/usr/bin/cc     -o CMakeFiles/cmTC_6221c.dir/CheckSymbolExists.c.o   -c /home/aadityacr7/gsoc_2018/build/ur_bringup/CMakeFiles/CMakeTmp/CheckSymbolExists.c
Linking C executable cmTC_6221c
/usr/bin/cmake -E cmake_link_script CMakeFiles/cmTC_6221c.dir/link.txt --verbose=1
/usr/bin/cc       CMakeFiles/cmTC_6221c.dir/CheckSymbolExists.c.o  -o cmTC_6221c -rdynamic 
CMakeFiles/cmTC_6221c.dir/CheckSymbolExists.c.o: In function `main':
CheckSymbolExists.c:(.text+0x16): undefined reference to `pthread_create'
collect2: error: ld returned 1 exit status
CMakeFiles/cmTC_6221c.dir/build.make:97: recipe for target 'cmTC_6221c' failed
make[1]: *** [cmTC_6221c] Error 1
make[1]: Leaving directory '/home/aadityacr7/gsoc_2018/build/ur_bringup/CMakeFiles/CMakeTmp'
Makefile:126: recipe for target 'cmTC_6221c/fast' failed
make: *** [cmTC_6221c/fast] Error 2

File /home/aadityacr7/gsoc_2018/build/ur_bringup/CMakeFiles/CMakeTmp/CheckSymbolExists.c:
/* */
#include <pthread.h>

int main(int argc, char** argv)
{
  (void)argv;
#ifndef pthread_create
  return ((int*)(&pthread_create))[argc];
#else
  (void)argc;
  return 0;
#endif
}

Determining if the function pthread_create exists in the pthreads failed with the following output:
Change Dir: /home/aadityacr7/gsoc_2018/build/ur_bringup/CMakeFiles/CMakeTmp

Run Build Command:"/usr/bin/make" "cmTC_5e3de/fast"
/usr/bin/make -f CMakeFiles/cmTC_5e3de.dir/build.make CMakeFiles/cmTC_5e3de.dir/build
make[1]: Entering directory '/home/aadityacr7/gsoc_2018/build/ur_bringup/CMakeFiles/CMakeTmp'
Building C object CMakeFiles/cmTC_5e3de.dir/CheckFunctionExists.c.o
/usr/bin/cc    -DCHECK_FUNCTION_EXISTS=pthread_create   -o CMakeFiles/cmTC_5e3de.dir/CheckFunctionExists.c.o   -c /usr/share/cmake-3.5/Modules/CheckFunctionExists.c
Linking C executable cmTC_5e3de
/usr/bin/cmake -E cmake_link_script CMakeFiles/cmTC_5e3de.dir/link.txt --verbose=1
/usr/bin/cc   -DCHECK_FUNCTION_EXISTS=pthread_create    CMakeFiles/cmTC_5e3de.dir/CheckFunctionExists.c.o  -o cmTC_5e3de -rdynamic -lpthreads 
/usr/bin/ld: cannot find -lpthreads
collect2: error: ld returned 1 exit status
CMakeFiles/cmTC_5e3de.dir/build.make:97: recipe for target 'cmTC_5e3de' failed
make[1]: *** [cmTC_5e3de] Error 1
make[1]: Leaving directory '/home/aadityacr7/gsoc_2018/build/ur_bringup/CMakeFiles/CMakeTmp'
Makefile:126: recipe for target 'cmTC_5e3de/fast' failed
make: *** [cmTC_5e3de/fast] Error 2


