Determining if the pthread_create exist failed with the following output:
Change Dir: /home/aadityacr7/gsoc_2018/build/myworkcell_support/CMakeFiles/CMakeTmp

Run Build Command:"/usr/bin/make" "cmTC_50aef/fast"
/usr/bin/make -f CMakeFiles/cmTC_50aef.dir/build.make CMakeFiles/cmTC_50aef.dir/build
make[1]: Entering directory '/home/aadityacr7/gsoc_2018/build/myworkcell_support/CMakeFiles/CMakeTmp'
Building C object CMakeFiles/cmTC_50aef.dir/CheckSymbolExists.c.o
/usr/bin/cc     -o CMakeFiles/cmTC_50aef.dir/CheckSymbolExists.c.o   -c /home/aadityacr7/gsoc_2018/build/myworkcell_support/CMakeFiles/CMakeTmp/CheckSymbolExists.c
Linking C executable cmTC_50aef
/usr/bin/cmake -E cmake_link_script CMakeFiles/cmTC_50aef.dir/link.txt --verbose=1
/usr/bin/cc       CMakeFiles/cmTC_50aef.dir/CheckSymbolExists.c.o  -o cmTC_50aef -rdynamic 
CMakeFiles/cmTC_50aef.dir/CheckSymbolExists.c.o: In function `main':
CheckSymbolExists.c:(.text+0x16): undefined reference to `pthread_create'
collect2: error: ld returned 1 exit status
CMakeFiles/cmTC_50aef.dir/build.make:97: recipe for target 'cmTC_50aef' failed
make[1]: *** [cmTC_50aef] Error 1
make[1]: Leaving directory '/home/aadityacr7/gsoc_2018/build/myworkcell_support/CMakeFiles/CMakeTmp'
Makefile:126: recipe for target 'cmTC_50aef/fast' failed
make: *** [cmTC_50aef/fast] Error 2

File /home/aadityacr7/gsoc_2018/build/myworkcell_support/CMakeFiles/CMakeTmp/CheckSymbolExists.c:
/* */
#include <pthread.h>

int main(int argc, char** argv)
{
  (void)argv;
#ifndef pthread_create
  return ((int*)(&pthread_create))[argc];
#else
  (void)argc;
  return 0;
#endif
}

Determining if the function pthread_create exists in the pthreads failed with the following output:
Change Dir: /home/aadityacr7/gsoc_2018/build/myworkcell_support/CMakeFiles/CMakeTmp

Run Build Command:"/usr/bin/make" "cmTC_926c1/fast"
/usr/bin/make -f CMakeFiles/cmTC_926c1.dir/build.make CMakeFiles/cmTC_926c1.dir/build
make[1]: Entering directory '/home/aadityacr7/gsoc_2018/build/myworkcell_support/CMakeFiles/CMakeTmp'
Building C object CMakeFiles/cmTC_926c1.dir/CheckFunctionExists.c.o
/usr/bin/cc    -DCHECK_FUNCTION_EXISTS=pthread_create   -o CMakeFiles/cmTC_926c1.dir/CheckFunctionExists.c.o   -c /usr/share/cmake-3.5/Modules/CheckFunctionExists.c
Linking C executable cmTC_926c1
/usr/bin/cmake -E cmake_link_script CMakeFiles/cmTC_926c1.dir/link.txt --verbose=1
/usr/bin/cc   -DCHECK_FUNCTION_EXISTS=pthread_create    CMakeFiles/cmTC_926c1.dir/CheckFunctionExists.c.o  -o cmTC_926c1 -rdynamic -lpthreads 
/usr/bin/ld: cannot find -lpthreads
collect2: error: ld returned 1 exit status
CMakeFiles/cmTC_926c1.dir/build.make:97: recipe for target 'cmTC_926c1' failed
make[1]: *** [cmTC_926c1] Error 1
make[1]: Leaving directory '/home/aadityacr7/gsoc_2018/build/myworkcell_support/CMakeFiles/CMakeTmp'
Makefile:126: recipe for target 'cmTC_926c1/fast' failed
make: *** [cmTC_926c1/fast] Error 2


