Determining if the pthread_create exist failed with the following output:
Change Dir: /home/aadityacr7/gsoc_2018/build/industrial_deprecated/CMakeFiles/CMakeTmp

Run Build Command:"/usr/bin/make" "cmTC_3bbee/fast"
/usr/bin/make -f CMakeFiles/cmTC_3bbee.dir/build.make CMakeFiles/cmTC_3bbee.dir/build
make[1]: Entering directory '/home/aadityacr7/gsoc_2018/build/industrial_deprecated/CMakeFiles/CMakeTmp'
Building C object CMakeFiles/cmTC_3bbee.dir/CheckSymbolExists.c.o
/usr/bin/cc     -o CMakeFiles/cmTC_3bbee.dir/CheckSymbolExists.c.o   -c /home/aadityacr7/gsoc_2018/build/industrial_deprecated/CMakeFiles/CMakeTmp/CheckSymbolExists.c
Linking C executable cmTC_3bbee
/usr/bin/cmake -E cmake_link_script CMakeFiles/cmTC_3bbee.dir/link.txt --verbose=1
/usr/bin/cc       CMakeFiles/cmTC_3bbee.dir/CheckSymbolExists.c.o  -o cmTC_3bbee -rdynamic 
CMakeFiles/cmTC_3bbee.dir/CheckSymbolExists.c.o: In function `main':
CheckSymbolExists.c:(.text+0x16): undefined reference to `pthread_create'
collect2: error: ld returned 1 exit status
CMakeFiles/cmTC_3bbee.dir/build.make:97: recipe for target 'cmTC_3bbee' failed
make[1]: *** [cmTC_3bbee] Error 1
make[1]: Leaving directory '/home/aadityacr7/gsoc_2018/build/industrial_deprecated/CMakeFiles/CMakeTmp'
Makefile:126: recipe for target 'cmTC_3bbee/fast' failed
make: *** [cmTC_3bbee/fast] Error 2

File /home/aadityacr7/gsoc_2018/build/industrial_deprecated/CMakeFiles/CMakeTmp/CheckSymbolExists.c:
/* */
#include <pthread.h>

int main(int argc, char** argv)
{
  (void)argv;
#ifndef pthread_create
  return ((int*)(&pthread_create))[argc];
#else
  (void)argc;
  return 0;
#endif
}

Determining if the function pthread_create exists in the pthreads failed with the following output:
Change Dir: /home/aadityacr7/gsoc_2018/build/industrial_deprecated/CMakeFiles/CMakeTmp

Run Build Command:"/usr/bin/make" "cmTC_c864d/fast"
/usr/bin/make -f CMakeFiles/cmTC_c864d.dir/build.make CMakeFiles/cmTC_c864d.dir/build
make[1]: Entering directory '/home/aadityacr7/gsoc_2018/build/industrial_deprecated/CMakeFiles/CMakeTmp'
Building C object CMakeFiles/cmTC_c864d.dir/CheckFunctionExists.c.o
/usr/bin/cc    -DCHECK_FUNCTION_EXISTS=pthread_create   -o CMakeFiles/cmTC_c864d.dir/CheckFunctionExists.c.o   -c /usr/share/cmake-3.5/Modules/CheckFunctionExists.c
Linking C executable cmTC_c864d
/usr/bin/cmake -E cmake_link_script CMakeFiles/cmTC_c864d.dir/link.txt --verbose=1
/usr/bin/cc   -DCHECK_FUNCTION_EXISTS=pthread_create    CMakeFiles/cmTC_c864d.dir/CheckFunctionExists.c.o  -o cmTC_c864d -rdynamic -lpthreads 
/usr/bin/ld: cannot find -lpthreads
collect2: error: ld returned 1 exit status
CMakeFiles/cmTC_c864d.dir/build.make:97: recipe for target 'cmTC_c864d' failed
make[1]: *** [cmTC_c864d] Error 1
make[1]: Leaving directory '/home/aadityacr7/gsoc_2018/build/industrial_deprecated/CMakeFiles/CMakeTmp'
Makefile:126: recipe for target 'cmTC_c864d/fast' failed
make: *** [cmTC_c864d/fast] Error 2


